#
# There is insufficient memory for the Java Runtime Environment to continue.
# Native memory allocation (malloc) failed to allocate 1048576 bytes for AllocateHeap
# Possible reasons:
#   The system is out of physical RAM or swap space
#   The process is running with CompressedOops enabled, and the Java Heap may be blocking the growth of the native heap
# Possible solutions:
#   Reduce memory load on the system
#   Increase physical memory or swap space
#   Check if swap backing store is full
#   Decrease Java heap size (-Xmx/-Xms)
#   Decrease number of Java threads
#   Decrease Java thread stack sizes (-Xss)
#   Set larger code cache with -XX:ReservedCodeCacheSize=
#   JVM is running with Unscaled Compressed Oops mode in which the Java heap is
#     placed in the first 4GB address space. The Java Heap base address is the
#     maximum limit for the native heap growth. Please use -XX:HeapBaseMinAddress
#     to set the Java Heap base and to place the Java Heap above 4GB virtual address.
# This output file may be truncated or incomplete.
#
#  Out of Memory Error (memory/allocation.inline.hpp:61), pid=29852, tid=0x00000000000082c4
#
# JRE version:  (8.0_261-b12) (build )
# Java VM: Java HotSpot(TM) 64-Bit Server VM (25.261-b12 mixed mode windows-amd64 compressed oops)
# Failed to write core dump. Minidumps are not enabled by default on client versions of Windows
#

---------------  T H R E A D  ---------------

Current thread (0x000002999c4f4000):  JavaThread "Unknown thread" [_thread_in_vm, id=33476, stack(0x000000f906700000,0x000000f906800000)]

Stack: [0x000000f906700000,0x000000f906800000]
Native frames: (J=compiled Java code, j=interpreted, Vv=VM code, C=native code)
V  [jvm.dll+0x33e5f9]
V  [jvm.dll+0x2850e2]
V  [jvm.dll+0x285d8d]
V  [jvm.dll+0x27c895]
V  [jvm.dll+0x1565d]
V  [jvm.dll+0x3d9117]
V  [jvm.dll+0x3d5557]
V  [jvm.dll+0x10c61f]
V  [jvm.dll+0x21a00b]
V  [jvm.dll+0x248687]
V  [jvm.dll+0x172116]
C  [javaw.exe+0x2322]
C  [javaw.exe+0x16564]
C  [KERNEL32.DLL+0x17034]
C  [ntdll.dll+0x4cec1]


---------------  P R O C E S S  ---------------

Java Threads: ( => current thread )

Other Threads:

=>0x000002999c4f4000 (exited) JavaThread "Unknown thread" [_thread_in_vm, id=33476, stack(0x000000f906700000,0x000000f906800000)]

VM state:not at safepoint (normal execution)

VM Mutex/Monitor currently owned by a thread: None

heap address: 0x0000000082600000, size: 2010 MB, Compressed Oops mode: 32-bit
Narrow klass base: 0x0000000000000000, Narrow klass shift: 3
Compressed class space size: 1073741824 Address: 0x0000000100000000

Heap:
 PSYoungGen      total 37888K, used 655K [0x00000000d6200000, 0x00000000d8c00000, 0x0000000100000000)
  eden space 32768K, 2% used [0x00000000d6200000,0x00000000d62a3d80,0x00000000d8200000)
  from space 5120K, 0% used [0x00000000d8700000,0x00000000d8700000,0x00000000d8c00000)
  to   space 5120K, 0% used [0x00000000d8200000,0x00000000d8200000,0x00000000d8700000)
 ParOldGen       total 86016K, used 0K [0x0000000082600000, 0x0000000087a00000, 0x00000000d6200000)
  object space 86016K, 0% used [0x0000000082600000,0x0000000082600000,0x0000000087a00000)
 Metaspace       used 776K, capacity 4480K, committed 4480K, reserved 1056768K
  class space    used 76K, capacity 384K, committed 384K, reserved 1048576K

Card table byte_map: [0x00000299ad260000,0x00000299ad650000] byte_map_base: 0x00000299ace4d000

Marking Bits: (ParMarkBitMap*) 0x0000000060cb4fb0
 Begin Bits: [0x00000299ad8f0000, 0x00000299af858000)
 End Bits:   [0x00000299af858000, 0x00000299b17c0000)

Polling page: 0x000002999de70000

CodeCache: size=245760Kb used=328Kb max_used=328Kb free=245431Kb
 bounds [0x000002999dea0000, 0x000002999e110000, 0x00000299acea0000]
 total_blobs=58 nmethods=0 adapters=38
 compilation: enabled

Compilation events (0 events):
No events

GC Heap History (0 events):
No events

Deoptimization events (0 events):
No events

Classes redefined (0 events):
No events

Internal exceptions (0 events):
No events

Events (10 events):
Event: 0.023 loading class java/lang/Short
Event: 0.023 loading class java/lang/Short done
Event: 0.023 loading class java/lang/Integer
Event: 0.023 loading class java/lang/Integer done
Event: 0.023 loading class java/lang/Long
Event: 0.023 loading class java/lang/Long done
Event: 0.024 loading class java/lang/NullPointerException
Event: 0.024 loading class java/lang/NullPointerException done
Event: 0.024 loading class java/lang/ArithmeticException
Event: 0.024 loading class java/lang/ArithmeticException done


Dynamic libraries:
0x00007ff73a6b0000 - 0x00007ff73a6f7000 	C:\Program Files\Java\jdk1.8.0_261\bin\javaw.exe
0x00007ffe80ad0000 - 0x00007ffe80cc6000 	C:\WINDOWS\SYSTEM32\ntdll.dll
0x00007ffe7ef00000 - 0x00007ffe7efbd000 	C:\WINDOWS\System32\KERNEL32.DLL
0x00007ffe7e530000 - 0x00007ffe7e7f8000 	C:\WINDOWS\System32\KERNELBASE.dll
0x00007ffe7f110000 - 0x00007ffe7f1ba000 	C:\WINDOWS\System32\ADVAPI32.dll
0x00007ffe7f220000 - 0x00007ffe7f2be000 	C:\WINDOWS\System32\msvcrt.dll
0x00007ffe7fe30000 - 0x00007ffe7fecb000 	C:\WINDOWS\System32\sechost.dll
0x00007ffe80960000 - 0x00007ffe80a84000 	C:\WINDOWS\System32\RPCRT4.dll
0x00007ffe7ff90000 - 0x00007ffe80130000 	C:\WINDOWS\System32\USER32.dll
0x00007ffe7e350000 - 0x00007ffe7e372000 	C:\WINDOWS\System32\win32u.dll
0x00007ffe7f0e0000 - 0x00007ffe7f10a000 	C:\WINDOWS\System32\GDI32.dll
0x00007ffe7e950000 - 0x00007ffe7ea59000 	C:\WINDOWS\System32\gdi32full.dll
0x00007ffe7e8b0000 - 0x00007ffe7e94d000 	C:\WINDOWS\System32\msvcp_win.dll
0x00007ffe7e220000 - 0x00007ffe7e320000 	C:\WINDOWS\System32\ucrtbase.dll
0x00007ffe62fd0000 - 0x00007ffe6326b000 	C:\WINDOWS\WinSxS\amd64_microsoft.windows.common-controls_6595b64144ccf1df_6.0.19041.488_none_ca04af081b815d21\COMCTL32.dll
0x00007ffe7f8e0000 - 0x00007ffe7f910000 	C:\WINDOWS\System32\IMM32.DLL
0x00007ffe77ad0000 - 0x00007ffe77ae5000 	C:\Program Files\Java\jdk1.8.0_261\jre\bin\vcruntime140.dll
0x00007ffe39bf0000 - 0x00007ffe39c8b000 	C:\Program Files\Java\jdk1.8.0_261\jre\bin\msvcp140.dll
0x00000000604c0000 - 0x0000000060d2c000 	C:\Program Files\Java\jdk1.8.0_261\jre\bin\server\jvm.dll
0x00007ffe7f820000 - 0x00007ffe7f828000 	C:\WINDOWS\System32\PSAPI.DLL
0x00007ffe78250000 - 0x00007ffe7825a000 	C:\WINDOWS\SYSTEM32\VERSION.dll
0x00007ffe79b70000 - 0x00007ffe79b79000 	C:\WINDOWS\SYSTEM32\WSOCK32.dll
0x00007ffe63d10000 - 0x00007ffe63d37000 	C:\WINDOWS\SYSTEM32\WINMM.dll
0x00007ffe7f6d0000 - 0x00007ffe7f73b000 	C:\WINDOWS\System32\WS2_32.dll
0x00007ffe7cb00000 - 0x00007ffe7cb12000 	C:\WINDOWS\SYSTEM32\kernel.appcore.dll
0x00007ffe6ea00000 - 0x00007ffe6ea10000 	C:\Program Files\Java\jdk1.8.0_261\jre\bin\verify.dll
0x00007ffe65090000 - 0x00007ffe650bb000 	C:\Program Files\Java\jdk1.8.0_261\jre\bin\java.dll
0x00007ffe65070000 - 0x00007ffe65088000 	C:\Program Files\Java\jdk1.8.0_261\jre\bin\zip.dll
0x00007ffe7c820000 - 0x00007ffe7ca04000 	C:\WINDOWS\SYSTEM32\dbghelp.dll
0x00007ffe7ea60000 - 0x00007ffe7eadf000 	C:\WINDOWS\System32\bcryptPrimitives.dll

VM Arguments:
jvm_args: -Dfile.encoding=Cp1252 
java_command: MainPage
java_class_path (initial): C:\Users\Anil\eclipse-workspace\Voting system\bin
Launcher Type: SUN_STANDARD

Environment Variables:
PATH=C:/Program Files/Java/jre1.8.0_271/bin/server;C:/Program Files/Java/jre1.8.0_271/bin;C:/Program Files/Java/jre1.8.0_271/lib/amd64;C:\Users\Anil\AppData\Local\Programs\Python\Python39\Scripts\;C:\Users\Anil\AppData\Local\Programs\Python\Python39\;C:\Python38\Scripts\;C:\Program Files (x86)\Common Files\Oracle\Java\javapath;C:\windows\system32;C:\windows;C:\windows\System32\Wbem;C:\windows\System32\WindowsPowerShell\v1.0\;C:\windows\System32\OpenSSH\;C:\Program Files (x86)\NVIDIA Corporation\PhysX\Common;C:\Program Files\NVIDIA Corporation\NVIDIA NvDLISR;C:\ProgramData\chocolatey\bin;C:\Program Files\Java\jdk1.8.0_261\bin;C:\WINDOWS\system32;C:\WINDOWS;C:\WINDOWS\System32\Wbem;C:\WINDOWS\System32\WindowsPowerShell\v1.0\;C:\WINDOWS\System32\OpenSSH\;C:\Program Files\dotnet\;C:\Program Files\Microsoft SQL Server\130\Tools\Binn\;E:\HTML CCS and JAVASCRIPT\Git\cmd;E:\HTML CCS and JAVASCRIPT\;C:\Python38\Lib\site-packages;C:\Users\Anil\AppData\Roaming\Python\Python38\Scripts;;E:\Git LFS;C:\Users\Anil\AppData\Local\Microsoft\WindowsApps;;E:\PyCharm 2020.2.1\bin;;C:\Users\Anil\.dotnet\tools;E:\Microsoft VS Code\bin;C:\Users\Anil\AppData\Roaming\npm;C:\WINDOWS\System32;
USERNAME=Anil
OS=Windows_NT
PROCESSOR_IDENTIFIER=Intel64 Family 6 Model 158 Stepping 13, GenuineIntel



---------------  S Y S T E M  ---------------

OS: Windows 10.0 , 64 bit Build 19041 (10.0.19041.546)

CPU:total 8 (initial active 8) (4 cores per cpu, 2 threads per core) family 6 model 158 stepping 13, cmov, cx8, fxsr, mmx, sse, sse2, sse3, ssse3, sse4.1, sse4.2, popcnt, avx, avx2, aes, clmul, erms, 3dnowpref, lzcnt, ht, tsc, tscinvbit, bmi1, bmi2, adx

Memory: 4k page, physical 8225972k(580520k free), swap 33391796k(5400k free)

vm_info: Java HotSpot(TM) 64-Bit Server VM (25.261-b12) for windows-amd64 JRE (1.8.0_261-b12), built on Jun 18 2020 06:56:32 by "" with unknown MS VC++:1916

time: Tue Nov  3 16:46:19 2020
timezone: India Standard Time
elapsed time: 0 seconds (0d 0h 0m 0s)

